[2026-05-21T20:11:32.460Z] Start: 300 websites (lenjerii-hotel)
[2026-05-21T20:11:36.125Z] [1/300] FAIL ...
[2026-05-21T20:11:45.888Z] [2/300] OK 5 To Go Sebeș Centru
[2026-05-21T20:11:50.002Z] [3/300] OK Adriana Touristik Hostel Arad
[2026-05-21T20:11:56.979Z] [4/300] OK Agro pensiunea Zamolxis
[2026-05-21T20:12:03.320Z] [5/300] OK AgroPensiune Cosette
[2026-05-21T20:12:09.208Z] [6/300] OK AGROPENSIUNEA ZAMOLXIS - Superior Double or Twin Room with Mountain View
[2026-05-21T20:12:16.904Z] [7/300] OK AGROPENSIUNEA ZAMOLXIS - Superior Double or Twin Room with Mountain View
[2026-05-21T20:12:22.996Z] [8/300] OK AGROPENSIUNEA ZAMOLXIS - Triple Room with Balcony
[2026-05-21T20:12:24.111Z] [9/300] FAIL Agroturism Mada Paradiso
[2026-05-21T20:12:30.685Z] [10/300] OK Ale & Ola
[2026-05-21T20:12:35.023Z] [11/300] OK Allegria Hotel
[2026-05-21T20:12:39.065Z] [12/300] OK Allegria Restaurant
[2026-05-21T20:12:42.537Z] [13/300] OK Allegria Restaurant
[2026-05-21T20:12:47.441Z] [14/300] OK Allegria spa
[2026-05-21T20:12:52.282Z] [15/300] OK Amazonia Spa&Wellness
[2026-05-21T20:12:56.693Z] [16/300] OK Ana Boutique
[2026-05-21T20:13:00.619Z] [17/300] OK Andrada Muntean - Micropigmentare Alba Iulia
[2026-05-21T20:13:07.215Z] [18/300] OK Andras Vendégház
[2026-05-21T20:13:12.046Z] [19/300] OK Aniroc Signature Hotel
[2026-05-21T20:13:16.072Z] [20/300] OK Antique Aparthotel
[2026-05-21T20:13:22.637Z] [21/300] OK Apart Hotel Steyna
[2026-05-21T20:13:30.323Z] [22/300] OK Apartament Bianca
[2026-05-21T20:13:35.609Z] [23/300] OK Apartament Carol Davila
[2026-05-21T20:13:39.044Z] [24/300] OK Apartament Cetate
[2026-05-21T20:13:45.354Z] [25/300] OK Apartament HERA - Two-Bedroom Apartment
[2026-05-21T20:13:50.485Z] [26/300] OK APARTAMENT NOBLESS No1 ALBA IULIA
[2026-05-21T20:13:55.170Z] [27/300] OK Apartamentul Cetății Alba Iulia
[2026-05-21T20:14:00.743Z] [28/300] OK Aparthotel Dominic Residence
[2026-05-21T20:14:06.613Z] [29/300] OK Apartment City Center
[2026-05-21T20:14:17.047Z] [30/300] OK Apartment City Center
[2026-05-21T20:14:22.536Z] [31/300] OK Apartment City Center - Two-Bedroom Apartment
[2026-05-21T20:14:28.679Z] [32/300] OK Apartment Ultracentral Pitesti
[2026-05-21T20:14:34.467Z] [33/300] OK Apetit Bistro
[2026-05-21T20:14:35.909Z] [34/300] FAIL Apulum Gardens
[2026-05-21T20:14:42.349Z] [35/300] OK Arada-Pensiune Arada - cazare Arad -Pensiune Arad
[2026-05-21T20:14:49.685Z] [36/300] OK Arcadia cabins
[2026-05-21T20:14:56.655Z] [37/300] OK Armada Aparthotel
[2026-05-21T20:15:02.097Z] [38/300] OK Armonia Residence & Restaurant
[2026-05-21T20:15:05.958Z] [39/300] OK Art Cafe
[2026-05-21T20:15:09.704Z] [40/300] OK Art Garden
[2026-05-21T20:15:14.842Z] [41/300] OK Artisan 19
[2026-05-21T20:15:25.045Z] [42/300] OK Astoria Hotel
[2026-05-21T20:15:29.101Z] [43/300] OK Atri's Boutique
[2026-05-21T20:15:35.284Z] [44/300] OK ATVENTURO - Double Room
[2026-05-21T20:15:39.257Z] [45/300] OK Aura Unirii
[2026-05-21T20:15:44.057Z] [46/300] OK Balneomed Estetic
[2026-05-21T20:15:48.510Z] [47/300] OK Băile Sărate Ocna Mureș
[2026-05-21T20:15:52.586Z] [48/300] OK Bella Foresta
[2026-05-21T20:15:56.914Z] [49/300] OK Belle Vie Spa Massage Alba Iulia
[2026-05-21T20:16:00.986Z] [50/300] OK Best Lido Hotel
[2026-05-21T20:16:04.699Z] [51/300] OK Best Western Hotel Central
[2026-05-21T20:16:08.694Z] [52/300] OK Big Chicken
[2026-05-21T20:16:12.776Z] [53/300] OK Bitai Panzio
[2026-05-21T20:16:18.444Z] [54/300] OK Blidu’ Bunicii
[2026-05-21T20:16:25.048Z] [55/300] OK Bliss Studio
[2026-05-21T20:16:28.603Z] [56/300] OK Blue Hours
[2026-05-21T20:16:33.355Z] [57/300] OK Blue Night
[2026-05-21T20:16:38.714Z] [58/300] OK Boa Apartment Residence
[2026-05-21T20:16:42.933Z] [59/300] OK Body Relax Therapy
[2026-05-21T20:16:47.657Z] [60/300] OK Bosfor Kebab
[2026-05-21T20:16:51.792Z] [61/300] OK Boul Roșu Residence
[2026-05-21T20:16:57.221Z] [62/300] OK Boulevard Boutique B&B
[2026-05-21T20:17:01.599Z] [63/300] OK Brothers Restaurant
[2026-05-21T20:17:06.680Z] [64/300] OK Bunătăți de Hălmagiu
[2026-05-21T20:17:10.792Z] [65/300] OK Bungust catering
[2026-05-21T20:17:14.646Z] [66/300] OK Burger District
[2026-05-21T20:17:21.559Z] [67/300] OK Cabana "La Capătă"
[2026-05-21T20:17:26.718Z] [68/300] OK Cabana A-frame D&J
[2026-05-21T20:17:31.932Z] [69/300] OK Cabana Apuseni Wild
[2026-05-21T20:17:37.723Z] [70/300] OK Cabana Apuseni Wild - Seven-Bedroom House
[2026-05-21T20:17:47.037Z] [71/300] OK Cabana Burebista
[2026-05-21T20:17:50.790Z] [72/300] OK Cabana Carolina
[2026-05-21T20:17:56.295Z] [73/300] OK Cabana Casa Favorit
[2026-05-21T20:18:02.634Z] [74/300] OK Cabana Friends
[2026-05-21T20:18:07.430Z] [75/300] OK Cabana Glontu
[2026-05-21T20:18:12.426Z] [76/300] OK Cabana Măgura
[2026-05-21T20:18:20.252Z] [77/300] OK Cabana Oana 5-bedrooms chalet
[2026-05-21T20:18:28.285Z] [78/300] OK Cabana Oana 5-bedrooms chalet - Chalet
[2026-05-21T20:18:35.257Z] [79/300] OK Cabana Oana 5-bedrooms chalet - Chalet
[2026-05-21T20:18:44.240Z] [80/300] OK Cabana Poarta Raiului
[2026-05-21T20:18:51.473Z] [81/300] OK Cabana Poarta Raiului - Two-Bedroom House
[2026-05-21T20:18:58.037Z] [82/300] OK Cabana Poarta Raiului - Two-Bedroom House
[2026-05-21T20:19:02.431Z] [83/300] OK Cabana Poiana Cerbului
[2026-05-21T20:19:06.355Z] [84/300] OK Cabana Sargetia
[2026-05-21T20:19:13.551Z] [85/300] OK Cabana Sargetia - Double Room
[2026-05-21T20:19:19.243Z] [86/300] OK Cabana Sargetia - Triple Room
[2026-05-21T20:19:25.087Z] [87/300] OK Cabana Sarmis
[2026-05-21T20:19:31.576Z] [88/300] OK Cabana Sarmis Costesti - Double Room
[2026-05-21T20:19:38.016Z] [89/300] OK Cabana Sarmis Costesti - Triple Room
[2026-05-21T20:19:44.447Z] [90/300] OK Cabana Sarmis Costesti - Twin Room with Private External Bathroom
[2026-05-21T20:19:49.116Z] [91/300] OK Cabana Sponsoru' si Baroana
[2026-05-21T20:19:55.002Z] [92/300] OK Cabanele AdyanaRaysa
[2026-05-21T20:20:00.366Z] [93/300] OK Cafeneaua zigarillos Sebeș
[2026-05-21T20:20:09.953Z] [94/300] OK Camping Sargetia
[2026-05-21T20:20:11.080Z] [95/300] FAIL CANTINA MUNICIPALĂ
[2026-05-21T20:20:15.441Z] [96/300] OK Cardinal Hotel
[2026-05-21T20:20:19.765Z] [97/300] OK Carolina Cafe Alba iulia
[2026-05-21T20:20:25.506Z] [98/300] OK Casa Alex - Double Room
[2026-05-21T20:20:29.110Z] [99/300] OK Casa Artemis
[2026-05-21T20:20:33.750Z] [100/300] OK Casa Borza
[2026-05-21T20:20:37.532Z] [101/300] OK Casa Botár Vendégház
[2026-05-21T20:20:40.889Z] [102/300] OK Casa Bunicii
[2026-05-21T20:20:46.310Z] [103/300] OK Casa Bunicii - Double Room with Private Bathroom
[2026-05-21T20:20:53.366Z] [104/300] OK Casa Cecilia
[2026-05-21T20:20:59.627Z] [105/300] OK Casa Cecilia - Triple Room with Bathroom
[2026-05-21T20:21:04.517Z] [106/300] OK Casa Crișana
[2026-05-21T20:21:09.883Z] [107/300] OK Casa cu helesteu - Five-Bedroom House
[2026-05-21T20:21:16.153Z] [108/300] OK Casa Cu Nuc
[2026-05-21T20:21:19.833Z] [109/300] OK Casa Damian
[2026-05-21T20:21:28.116Z] [110/300] OK Casa de la Rosa
[2026-05-21T20:21:32.459Z] [111/300] OK Casa del Sole
[2026-05-21T20:21:38.222Z] [112/300] OK Casa del Sole Boutique Hotel Timișoara
[2026-05-21T20:21:44.109Z] [113/300] OK Casa Diana - Double Room with Shared Bathroom
[2026-05-21T20:21:49.389Z] [114/300] OK Casa din Vii
[2026-05-21T20:21:53.463Z] [115/300] OK Casa Dives - Varianta Boierească
[2026-05-21T20:22:02.004Z] [116/300] OK Casa Domeniile Vinului
[2026-05-21T20:22:06.488Z] [117/300] OK Casa Erika
[2026-05-21T20:22:17.384Z] [118/300] OK Casa Favorit - Four-Bedroom House
[2026-05-21T20:22:23.379Z] [119/300] OK Casa Glod - Budget Double Room
[2026-05-21T20:22:29.045Z] [120/300] OK Casa Glod - Single Room
[2026-05-21T20:22:32.523Z] [121/300] OK Casa Iris Petresti
[2026-05-21T20:22:38.753Z] [122/300] OK CASA IULIA - One-Bedroom Apartment
[2026-05-21T20:22:43.339Z] [123/300] OK Casa Jax
[2026-05-21T20:22:47.416Z] [124/300] OK Casa Kelemen Irén
[2026-05-21T20:22:50.772Z] [125/300] OK Casa Loloiu
[2026-05-21T20:22:55.756Z] [126/300] OK Casa Maria
[2026-05-21T20:23:01.905Z] [127/300] OK Casa Maria
[2026-05-21T20:23:06.537Z] [128/300] OK Casa Maria - Two-Bedroom House
[2026-05-21T20:23:11.206Z] [129/300] OK Casa NIB Calimanesti - Four-Bedroom Vacation Home
[2026-05-21T20:23:19.728Z] [130/300] OK Casa NIB Calimanesti - Two-Bedroom Apartment with Balcony
[2026-05-21T20:23:26.825Z] [131/300] OK Casa NIB Calimanesti - Two-Bedroom Apartment with Balcony
[2026-05-21T20:23:30.848Z] [132/300] OK Casa Palace Hotel
[2026-05-21T20:23:35.620Z] [133/300] OK Casa Pelerinului - Superior Triple Room
[2026-05-21T20:23:40.459Z] [134/300] OK Casa Pia
[2026-05-21T20:23:44.205Z] [135/300] OK Casa Rustică Mada
[2026-05-21T20:23:47.376Z] [136/300] OK Casa Schnitzel Arad
[2026-05-21T20:23:52.089Z] [137/300] OK Casa Stefan
[2026-05-21T20:23:57.586Z] [138/300] OK Casa Tirol Blaj
[2026-05-21T20:24:01.675Z] [139/300] OK Casa Veche
[2026-05-21T20:24:08.044Z] [140/300] OK Casa Veverițelor - Căsoaia - Three-Bedroom House
[2026-05-21T20:24:14.933Z] [141/300] OK Casa Weiss Heritage Hotels of Europe
[2026-05-21T20:24:20.627Z] [142/300] OK Castle Transylvania
[2026-05-21T20:24:27.100Z] [143/300] OK Cazare Arad | Ana Hotel
[2026-05-21T20:24:33.923Z] [144/300] FAIL Cazare Gura Raului - Pensiunea Calin 3***
[2026-05-21T20:24:40.619Z] [145/300] OK Cazare Hofmann
[2026-05-21T20:24:43.984Z] [146/300] OK Cazare Pensiune Arad
[2026-05-21T20:24:47.198Z] [147/300] OK Cazare Pensiuni Ieftin Arad
[2026-05-21T20:24:49.707Z] [148/300] FAIL Căsuța Călătorului
[2026-05-21T20:24:54.843Z] [149/300] OK Centrul 360 Arad
[2026-05-21T20:25:01.135Z] [150/300] OK Cine Citta Ristorante
[2026-05-21T20:25:05.081Z] [151/300] OK Citadel Garden
[2026-05-21T20:25:10.917Z] [152/300] OK City Hotel - One-Bedroom Apartment
[2026-05-21T20:25:14.723Z] [153/300] OK City Hotel & Lounge
[2026-05-21T20:25:18.592Z] [154/300] OK Complex Agrement Bellavi
[2026-05-21T20:25:23.861Z] [155/300] OK Complex Dar
[2026-05-21T20:25:27.522Z] [156/300] OK Complex Terra Mythica IGHIU
[2026-05-21T20:25:31.326Z] [157/300] OK Conacul Maria Theresa
[2026-05-21T20:25:37.672Z] [158/300] OK Conacul Secuiesc
[2026-05-21T20:25:43.252Z] [159/300] OK Conacul Sfantul Sava Brancovici
[2026-05-21T20:25:48.901Z] [160/300] OK Cornul Vânătorul
[2026-05-21T20:25:59.837Z] [161/300] OK Cozy flat
[2026-05-21T20:26:04.910Z] [162/300] OK Craciuneasa Paradis
[2026-05-21T20:26:12.250Z] [163/300] OK Crema Residence
[2026-05-21T20:26:17.597Z] [164/300] OK Cristel-Căsuța fără gânduri
[2026-05-21T20:26:23.259Z] [165/300] OK Cuibul Cocorilor
[2026-05-21T20:26:27.650Z] [166/300] OK Curtea Veche
[2026-05-21T20:26:31.634Z] [167/300] OK Czech In La Vizitiu
[2026-05-21T20:26:35.943Z] [168/300] OK Daiconi Boutique House
[2026-05-21T20:26:39.934Z] [169/300] OK Dante Café & Dine
[2026-05-21T20:26:45.914Z] [170/300] OK Decebal Central Studio - Elegant and Cozy Stay - One-Bedroom Apartment
[2026-05-21T20:26:53.738Z] [171/300] OK Decebal Central Studio - Elegant and Cozy Stay - One-Bedroom Apartment
[2026-05-21T20:26:57.100Z] [172/300] OK Dermaestetics Dr. Karina Ilonca
[2026-05-21T20:27:00.430Z] [173/300] OK Design Loft
[2026-05-21T20:27:06.381Z] [174/300] OK Diamond Residence
[2026-05-21T20:27:10.310Z] [175/300] OK District food
[2026-05-21T20:27:15.629Z] [176/300] OK Do Stil Boutique Hotel
[2026-05-21T20:27:19.622Z] [177/300] OK Doctor Jolie - Dermatologie și Lasere Medicale
[2026-05-21T20:27:24.036Z] [178/300] OK Dor de munte Apuseni
[2026-05-21T20:27:30.097Z] [179/300] OK Dortin
[2026-05-21T20:27:35.180Z] [180/300] OK Drumul Dragostei
[2026-05-21T20:27:39.155Z] [181/300] OK Duet
[2026-05-21T20:27:44.512Z] [182/300] OK DUO Glamping Corbsori - Tent
[2026-05-21T20:27:48.338Z] [183/300] OK Eat Like A Man
[2026-05-21T20:27:52.749Z] [184/300] OK Eden
[2026-05-21T20:27:56.830Z] [185/300] OK Eden Natural Resort - Transalpina
[2026-05-21T20:28:02.151Z] [186/300] OK EKA
[2026-05-21T20:28:06.627Z] [187/300] OK Elza Guesthouse Rimetea
[2026-05-21T20:28:09.864Z] [188/300] OK Enjoy Pizza
[2026-05-21T20:28:15.524Z] [189/300] OK Erika
[2026-05-21T20:28:19.584Z] [190/300] OK ESTET PRO ARAD
[2026-05-21T20:28:23.784Z] [191/300] OK Euphoria Biergarten Arad
[2026-05-21T20:28:30.884Z] [192/300] OK Eurohotel
[2026-05-21T20:28:35.288Z] [193/300] OK Exclusive Villa
[2026-05-21T20:28:41.295Z] [194/300] OK Exclusive Villa Jacuzzi & BBQ
[2026-05-21T20:28:44.448Z] [195/300] OK Extensii din par natural , coafura Sol Aly [arad)
[2026-05-21T20:28:47.934Z] [196/300] OK Fast Food MORRO
[2026-05-21T20:28:51.654Z] [197/300] OK Fictor Dulcis
[2026-05-21T20:28:54.979Z] [198/300] OK Flamingo Hotel
[2026-05-21T20:28:59.927Z] [199/300] OK Foisorul din Poveste
[2026-05-21T20:29:04.769Z] [200/300] OK Food Expres
[2026-05-21T20:29:08.896Z] [201/300] OK Foodie & Burgers by Foodie
[2026-05-21T20:29:12.934Z] [202/300] OK Fragaria
[2026-05-21T20:29:16.264Z] [203/300] OK Francesca
[2026-05-21T20:29:20.704Z] [204/300] OK Freeborn Hostel
[2026-05-21T20:29:25.451Z] [205/300] OK Fresko Kafe
[2026-05-21T20:29:28.735Z] [206/300] OK Friends Cafe EMC
[2026-05-21T20:29:32.564Z] [207/300] OK Friendz Burger Arad
[2026-05-21T20:29:36.754Z] [208/300] OK FRYDAY Alba Iulia
[2026-05-21T20:29:40.854Z] [209/300] OK Funky Farmhouse
[2026-05-21T20:29:44.927Z] [210/300] OK Garden House
[2026-05-21T20:29:51.469Z] [211/300] OK Garsoniera confort delux apartament in Slatina - One-Bedroom Apartment
[2026-05-21T20:29:56.922Z] [212/300] OK Garsoniera confort delux apartament in Slatina - One-Bedroom Apartment
[2026-05-21T20:30:01.559Z] [213/300] OK Garsonieră stil hotel 2 - One-Bedroom Apartment
[2026-05-21T20:30:04.837Z] [214/300] OK Gian Marco
[2026-05-21T20:30:09.440Z] [215/300] OK Gold Residence - Pensiune Ocna Mureș
[2026-05-21T20:30:13.343Z] [216/300] OK Gothic
[2026-05-21T20:30:14.683Z] [217/300] FAIL Gradiste Arad
[2026-05-21T20:30:21.671Z] [218/300] OK Grandis Apulum
[2026-05-21T20:30:30.171Z] [219/300] OK Grant Hotel Boutique
[2026-05-21T20:30:34.480Z] [220/300] OK Grenier Brasserie
[2026-05-21T20:30:40.275Z] [221/300] OK H Europa - Ocna Mures
[2026-05-21T20:30:45.441Z] [222/300] OK Hang zhou
[2026-05-21T20:30:49.512Z] [223/300] OK Hanul de la Răscruce
[2026-05-21T20:30:53.774Z] [224/300] OK Hanul Moara cu Noroc
[2026-05-21T20:30:58.087Z] [225/300] OK Happy Chef
[2026-05-21T20:31:01.548Z] [226/300] OK Harvest House Transylvania
[2026-05-21T20:31:06.097Z] [227/300] OK Hash Brothers Pub
[2026-05-21T20:31:09.711Z] [228/300] OK Holzer Tehnic
[2026-05-21T20:31:13.330Z] [229/300] OK Hostel Moara cu Noroc
[2026-05-21T20:31:16.981Z] [230/300] OK Hotel Ambassador
[2026-05-21T20:31:21.143Z] [231/300] OK Hotel Angellis
[2026-05-21T20:31:25.075Z] [232/300] OK Hotel Apart Tel Aviv
[2026-05-21T20:31:29.261Z] [233/300] OK Hotel Arizona
[2026-05-21T20:31:32.381Z] [234/300] FAIL Hotel Axa
[2026-05-21T20:31:38.619Z] [235/300] OK Hotel Boavista
[2026-05-21T20:31:42.622Z] [236/300] OK Hotel Carmen
[2026-05-21T20:31:48.972Z] [237/300] OK Hotel Carolina Heritage
[2026-05-21T20:31:56.124Z] [238/300] OK Hotel Celly
[2026-05-21T20:31:59.944Z] [239/300] OK Hotel Central
[2026-05-21T20:32:05.297Z] [240/300] OK Hotel Central
[2026-05-21T20:32:12.025Z] [241/300] OK Hotel Cetate
[2026-05-21T20:32:13.072Z] [242/300] FAIL Hotel Clasic Sebes
[2026-05-21T20:32:17.588Z] [243/300] OK Hotel Coandi
[2026-05-21T20:32:18.549Z] [244/300] FAIL Hotel Continental Forum Arad
[2026-05-21T20:32:23.092Z] [245/300] OK Hotel Crisana Arad
[2026-05-21T20:32:27.014Z] [246/300] OK Hotel Dragana Cugir
[2026-05-21T20:32:30.652Z] [247/300] OK Hotel Excelsior Timișoara
[2026-05-21T20:32:35.577Z] [248/300] OK Hotel Exclusiv
[2026-05-21T20:32:39.044Z] [249/300] OK Hotel FAN - Alba Iulia
[2026-05-21T20:32:43.055Z] [250/300] OK Hotel FAN - Sebes
[2026-05-21T20:32:47.006Z] [251/300] OK Hotel Floare de Colt
[2026-05-21T20:32:51.454Z] [252/300] OK Hotel Galaxy
[2026-05-21T20:32:56.321Z] [253/300] OK HOTEL HERMES
[2026-05-21T20:33:02.272Z] [254/300] OK Hotel Iris Arad
[2026-05-21T20:33:05.369Z] [255/300] OK Hotel La Residenza
[2026-05-21T20:33:11.850Z] [256/300] OK Hotel Leul de Aur Cazare Sebes
[2026-05-21T20:33:15.887Z] [257/300] OK Hotel Lotus
[2026-05-21T20:33:20.023Z] [258/300] OK HOTEL MAGIC TRIVALE (S.C. MAGIC GT S.R.L.)
[2026-05-21T20:33:24.304Z] [259/300] OK Hotel Magnolia
[2026-05-21T20:33:27.375Z] [260/300] OK HOTEL MANTRA
[2026-05-21T20:33:30.336Z] [261/300] OK Hotel Mariss
[2026-05-21T20:33:33.512Z] [262/300] OK Hotel Maxim
[2026-05-21T20:33:39.311Z] [263/300] OK Hotel Medieval
[2026-05-21T20:33:43.985Z] [264/300] OK Hotel Miky
[2026-05-21T20:33:48.039Z] [265/300] OK Hotel Monte Carlo Pitesti
[2026-05-21T20:33:52.277Z] [266/300] OK Hotel Neon
[2026-05-21T20:33:56.348Z] [267/300] OK Hotel Oxford Timisoara By TimHotels
[2026-05-21T20:34:03.124Z] [268/300] OK Hotel Pacific
[2026-05-21T20:34:08.318Z] [269/300] OK Hotel Perla Timisoara
[2026-05-21T20:34:12.868Z] [270/300] OK Hotel Popasul Regelui
[2026-05-21T20:34:19.036Z] [271/300] OK Hotel President
[2026-05-21T20:34:25.000Z] [272/300] OK Hotel Queen
[2026-05-21T20:34:30.877Z] [273/300] OK Hotel Ramada Pitești
[2026-05-21T20:34:35.484Z] [274/300] OK Hotel Regat
[2026-05-21T20:34:40.735Z] [275/300] OK Hotel Restaurant Ramina
[2026-05-21T20:34:44.194Z] [276/300] OK Hotel Romtimex
[2026-05-21T20:34:49.940Z] [277/300] OK Hotel Savoy Timisoara
[2026-05-21T20:34:53.821Z] [278/300] OK Hotel Senator
[2026-05-21T20:35:00.045Z] [279/300] OK Hotel Silva
[2026-05-21T20:35:04.960Z] [280/300] OK Hotel Star
[2026-05-21T20:35:08.987Z] [281/300] OK Hotel Streliția
[2026-05-21T20:35:13.419Z] [282/300] OK Hotel Timișoara
[2026-05-21T20:35:19.892Z] [283/300] OK Hotel Torontal
[2026-05-21T20:35:26.733Z] [284/300] FAIL Hotel Transilvania
[2026-05-21T20:35:30.913Z] [285/300] OK Hotel Voinicul
[2026-05-21T20:35:35.328Z] [286/300] OK Hotel Vulturul Pitești
[2026-05-21T20:35:40.418Z] [287/300] OK Hotel XEMAR
[2026-05-21T20:35:47.286Z] [288/300] OK Hotel Yvy
[2026-05-21T20:35:55.161Z] [289/300] OK ibis Styles Arad
[2026-05-21T20:36:02.019Z] [290/300] OK ibis Styles Pitesti
[2026-05-21T20:36:09.621Z] [291/300] OK Il Classico Arad
[2026-05-21T20:36:15.035Z] [292/300] OK Iosefin Residence
[2026-05-21T20:36:20.909Z] [293/300] OK Irish Pub
[2026-05-21T20:36:24.188Z] [294/300] OK Jelen Ház
[2026-05-21T20:36:28.978Z] [295/300] OK Jolie Cafe
[2026-05-21T20:36:34.150Z] [296/300] OK Karlhof Restaurant și Cazare
[2026-05-21T20:36:37.814Z] [297/300] OK Kebab House
[2026-05-21T20:36:40.935Z] [298/300] OK Kebab House
[2026-05-21T20:36:46.369Z] [299/300] OK Kerekes Guesthouse
[2026-05-21T20:36:51.414Z] [300/300] OK KFC Arad Drive-Thru
[2026-05-21T20:36:53.314Z] Klaar. OK: 289, fail: 11, skip: 0, totaal done: 1093
